<?xml version="1.0" encoding="UTF-8"?>
<!-- Generated by org.testng.reporters.JUnitXMLReporter -->
<testsuite ignored="0" hostname="DESKTOP-5DB6H55" failures="1" tests="4" name="Test" time="279.359" errors="0" timestamp="2021-08-30T14:50:05 IST">
  <testcase classname="E2EcargoProject.EcargoBkg_Create_Test" name="Manual_Booking_Flow" time="158.821"/>
  <testcase classname="E2EcargoProject.EcargoLoginpage_Test" name="Login_PositiveCase_Test" time="0.252"/>
  <testcase classname="E2EcargoProject.EcargoLoginFail_Test" name="Login_NegativeCase_Test" time="1.748">
    <failure type="java.lang.AssertionError" message="expected [sky.admin] but found [Fail]">
      <![CDATA[java.lang.AssertionError: expected [sky.admin] but found [Fail]
at E2EcargoProject.EcargoLoginFail_Test.Login_NegativeCase_Test(EcargoLoginFail_Test.java:49)
at java.base/java.util.ArrayList.forEach(ArrayList.java:1511)
... Removed 33 stack frames]]>
    </failure>
  </testcase> <!-- Login_NegativeCase_Test -->
  <testcase classname="E2EcargoProject.EcargoBkg_Cancel_Test" name="Booking_Cancel_Flow" time="35.085"/>
</testsuite> <!-- Test -->
