<?xml version="1.0" encoding="UTF-8"?>
<testsuite xmlns:xsi="http://www.w3.org/2001/XMLSchema-instance" xsi:noNamespaceSchemaLocation="https://maven.apache.org/surefire/maven-surefire-plugin/xsd/surefire-test-report-3.0.xsd" version="3.0" name="TestSuite" time="37.042" tests="1" errors="0" skipped="0" failures="1">
  <properties>
[...]
</properties>
  <testcase name="teardown" classname="E2EcargoProject.EcargoLoginpageTest" time="4.184">
    <failure message="chrome not reachable&#10;  (Session info: chrome=92.0.4515.131)&#10;Build info: version: &apos;3.5.3&apos;, revision: &apos;a88d25fe6b&apos;, time: &apos;2017-08-29T12:42:44.417Z&apos;&#10;System info: host: &apos;DESKTOP-5DB6H55&apos;, ip: &apos;192.168.1.38&apos;, os.name: &apos;Windows 10&apos;, os.arch: &apos;amd64&apos;, os.version: &apos;10.0&apos;, java.version: &apos;1.8.0_241&apos;&#10;Driver info: org.openqa.selenium.chrome.ChromeDriver&#10;Capabilities [{networkConnectionEnabled=false, chrome={chromedriverVersion=91.0.4472.19 (1bf021f248676a0b2ab3ee0561d83a59e424c23e-refs/branch-heads/4472@{#288}), userDataDir=C:\Users\arif\AppData\Local\Temp\scoped_dir51900_588325092}, timeouts={implicit=0, pageLoad=300000, script=30000}, pageLoadStrategy=normal, unhandledPromptBehavior=dismiss and notify, strictFileInteractability=false, platform=XP, proxy=Proxy(), goog:chromeOptions={debuggerAddress=localhost:49279}, acceptInsecureCerts=false, browserVersion=92.0.4515.131, browserName=chrome, javascriptEnabled=true, platformName=XP, setWindowRect=true, webauthn:extension:largeBlob=true, webauthn:virtualAuthenticators=true}]&#10;Session ID: 77fb4dd1af9f3509ca26f3c2ee487250" type="org.openqa.selenium.WebDriverException"><![CDATA[org.openqa.selenium.WebDriverException: 
chrome not reachable
  (Session info: chrome=92.0.4515.131)
Build info: version: '3.5.3', revision: 'a88d25fe6b', time: '2017-08-29T12:42:44.417Z'
System info: host: 'DESKTOP-5DB6H55', ip: '192.168.1.38', os.name: 'Windows 10', os.arch: 'amd64', os.version: '10.0', java.version: '1.8.0_241'
Driver info: org.openqa.selenium.chrome.ChromeDriver
Capabilities [{networkConnectionEnabled=false, chrome={chromedriverVersion=91.0.4472.19 (1bf021f248676a0b2ab3ee0561d83a59e424c23e-refs/branch-heads/4472@{#288}), userDataDir=C:\Users\arif\AppData\Local\Temp\scoped_dir51900_588325092}, timeouts={implicit=0, pageLoad=300000, script=30000}, pageLoadStrategy=normal, unhandledPromptBehavior=dismiss and notify, strictFileInteractability=false, platform=XP, proxy=Proxy(), goog:chromeOptions={debuggerAddress=localhost:49279}, acceptInsecureCerts=false, browserVersion=92.0.4515.131, browserName=chrome, javascriptEnabled=true, platformName=XP, setWindowRect=true, webauthn:extension:largeBlob=true, webauthn:virtualAuthenticators=true}]
Session ID: 77fb4dd1af9f3509ca26f3c2ee487250
	at E2EcargoProject.EcargoLoginpageTest.teardown(EcargoLoginpageTest.java:70)
]]></failure>
    <system-out><![CDATA[[TestNGContentHandler] [WARN] It is strongly recommended to add "<!DOCTYPE suite SYSTEM "http://testng.org/testng-1.0.dtd" >" at the top of your file, otherwise TestNG may fail or not work as expected.
]]></system-out>
    <system-err><![CDATA[Starting ChromeDriver 91.0.4472.19 (1bf021f248676a0b2ab3ee0561d83a59e424c23e-refs/branch-heads/4472@{#288}) on port 35110
Only local connections are allowed.
Please see https://chromedriver.chromium.org/security-considerations for suggestions on keeping ChromeDriver safe.
ChromeDriver was started successfully.
[1628678279.126][WARNING]: This version of ChromeDriver has not been tested with Chrome version 92.
Aug 11, 2021 4:07:59 PM org.openqa.selenium.remote.ProtocolHandshake createSession
INFO: Detected dialect: W3C
Aug 11, 2021 4:08:27 PM org.openqa.selenium.remote.ErrorCodes toStatus
INFO: HTTP Status: '404' -> incorrect JSON status mapping for 'no such window' (400 expected)
Aug 11, 2021 4:08:27 PM org.openqa.selenium.remote.ErrorCodes toStatus
INFO: HTTP Status: '404' -> incorrect JSON status mapping for 'no such window' (400 expected)
Aug 11, 2021 4:08:27 PM org.openqa.selenium.remote.ErrorCodes toStatus
INFO: HTTP Status: '404' -> incorrect JSON status mapping for 'no such window' (400 expected)
]]></system-err>
  </testcase>
</testsuite>